[0m2021.07.08 18:35:09 INFO  Started: Metals version 0.10.4 in workspace 'F:\My Projects\2nd year group project\git project\Group_Project-_1' for client Visual Studio Code 1.57.1.[0m
[0m2021.07.08 18:35:10 INFO  time: initialize in 1.7s[0m
[0m2021.07.08 18:35:10 WARN  Build server is not auto-connectable.[0m
[0m2021.07.08 18:35:10 WARN  no build tool detected in workspace 'F:\My Projects\2nd year group project\git project\Group_Project-_1'. The most common cause for this problem is that the editor was opened in the wrong working directory, for example if you use sbt then the workspace directory should contain build.sbt. [0m
[0m2021.07.09 18:24:39 INFO  Started: Metals version 0.10.4 in workspace 'F:\My Projects\2nd year group project\git project\Group_Project-_1' for client Visual Studio Code 1.57.1.[0m
[0m2021.07.09 18:24:45 INFO  time: initialize in 5.95s[0m
[0m2021.07.09 18:24:45 WARN  Build server is not auto-connectable.[0m
[0m2021.07.09 18:24:45 WARN  no build tool detected in workspace 'F:\My Projects\2nd year group project\git project\Group_Project-_1'. The most common cause for this problem is that the editor was opened in the wrong working directory, for example if you use sbt then the workspace directory should contain build.sbt. [0m
[0m2021.07.11 19:06:14 INFO  Started: Metals version 0.10.4 in workspace 'F:\My Projects\2nd year group project\git project\Group_Project-_1' for client Visual Studio Code 1.57.1.[0m
[0m2021.07.11 19:06:21 INFO  time: initialize in 7.8s[0m
[0m2021.07.11 19:06:22 WARN  Build server is not auto-connectable.[0m
[0m2021.07.11 19:06:22 WARN  no build tool detected in workspace 'F:\My Projects\2nd year group project\git project\Group_Project-_1'. The most common cause for this problem is that the editor was opened in the wrong working directory, for example if you use sbt then the workspace directory should contain build.sbt. [0m
Jul 11, 2021 11:13:59 PM org.eclipse.lsp4j.jsonrpc.services.GenericEndpoint notify
INFO: Unsupported notification method: $/setTrace
Jul 12, 2021 1:05:32 AM org.eclipse.lsp4j.jsonrpc.services.GenericEndpoint notify
INFO: Unsupported notification method: $/setTrace
Jul 12, 2021 10:06:09 AM org.eclipse.lsp4j.jsonrpc.services.GenericEndpoint notify
INFO: Unsupported notification method: $/setTrace
[0m2021.07.12 10:09:55 INFO  shutting down Metals[0m
[0m2021.07.12 10:11:37 INFO  Started: Metals version 0.10.4 in workspace 'F:\My Projects\2nd year group project\git project\Group_Project-_1' for client Visual Studio Code 1.58.0.[0m
[0m2021.07.12 10:11:44 INFO  time: initialize in 7.6s[0m
[0m2021.07.12 10:11:45 WARN  Build server is not auto-connectable.[0m
[0m2021.07.12 10:11:45 WARN  no build tool detected in workspace 'F:\My Projects\2nd year group project\git project\Group_Project-_1'. The most common cause for this problem is that the editor was opened in the wrong working directory, for example if you use sbt then the workspace directory should contain build.sbt. [0m
Jul 12, 2021 10:47:06 AM org.eclipse.lsp4j.jsonrpc.services.GenericEndpoint notify
INFO: Unsupported notification method: $/setTrace
Jul 12, 2021 12:12:45 PM org.eclipse.lsp4j.jsonrpc.services.GenericEndpoint notify
INFO: Unsupported notification method: $/setTrace
Jul 12, 2021 12:14:49 PM org.eclipse.lsp4j.jsonrpc.services.GenericEndpoint notify
INFO: Unsupported notification method: $/setTrace
Jul 12, 2021 12:15:49 PM org.eclipse.lsp4j.jsonrpc.services.GenericEndpoint notify
INFO: Unsupported notification method: $/setTrace
Jul 12, 2021 12:15:51 PM org.eclipse.lsp4j.jsonrpc.services.GenericEndpoint notify
INFO: Unsupported notification method: $/setTrace
Jul 12, 2021 12:16:34 PM org.eclipse.lsp4j.jsonrpc.services.GenericEndpoint notify
INFO: Unsupported notification method: $/setTrace
[0m2021.07.12 12:33:05 INFO  shutting down Metals[0m
[0m2021.07.13 19:09:03 INFO  Started: Metals version 0.10.4 in workspace 'F:\My Projects\2nd year group project\git project\Group_Project-_1' for client Visual Studio Code 1.58.0.[0m
[0m2021.07.13 19:09:08 INFO  time: initialize in 5.37s[0m
[0m2021.07.13 19:09:08 WARN  Build server is not auto-connectable.[0m
[0m2021.07.13 19:09:08 WARN  no build tool detected in workspace 'F:\My Projects\2nd year group project\git project\Group_Project-_1'. The most common cause for this problem is that the editor was opened in the wrong working directory, for example if you use sbt then the workspace directory should contain build.sbt. [0m
[0m2021.07.16 11:26:06 INFO  Started: Metals version 0.10.5 in workspace 'F:\My Projects\2nd year group project\git project\Group_Project-_1' for client Visual Studio Code 1.58.1.[0m
[0m2021.07.16 11:26:08 INFO  time: initialize in 3.32s[0m
[0m2021.07.16 11:26:14 WARN  Build server is not auto-connectable.[0m
[0m2021.07.16 11:26:14 WARN  no build tool detected in workspace 'F:\My Projects\2nd year group project\git project\Group_Project-_1'. The most common cause for this problem is that the editor was opened in the wrong working directory, for example if you use sbt then the workspace directory should contain build.sbt. [0m
Jul 16, 2021 11:26:42 AM org.eclipse.lsp4j.jsonrpc.services.GenericEndpoint notify
INFO: Unsupported notification method: $/setTrace
[0m2021.07.16 15:44:49 INFO  shutting down Metals[0m
<<<<<<< HEAD
[0m2021.07.20 07:28:36 INFO  Started: Metals version 0.10.5 in workspace '/Users/manethwijetunga/Development/Group_Project-_1' for client Visual Studio Code 1.58.2.[0m
[0m2021.07.20 07:28:42 INFO  time: initialize in 6.54s[0m
[0m2021.07.20 07:28:46 WARN  Build server is not auto-connectable.[0m
[0m2021.07.20 07:28:46 WARN  no build tool detected in workspace '/Users/manethwijetunga/Development/Group_Project-_1'. The most common cause for this problem is that the editor was opened in the wrong working directory, for example if you use sbt then the workspace directory should contain build.sbt. [0m
Jul 20, 2021 9:47:09 AM org.eclipse.lsp4j.jsonrpc.services.GenericEndpoint notify
INFO: Unsupported notification method: $/setTrace
Jul 20, 2021 9:59:53 AM org.eclipse.lsp4j.jsonrpc.services.GenericEndpoint notify
INFO: Unsupported notification method: $/setTrace
Jul 20, 2021 9:59:56 AM org.eclipse.lsp4j.jsonrpc.services.GenericEndpoint notify
INFO: Unsupported notification method: $/setTrace
[0m2021.07.20 23:11:17 INFO  shutting down Metals[0m
=======
[0m2021.07.16 15:46:13 INFO  Started: Metals version 0.10.5 in workspace 'F:\My Projects\2nd year group project\git project\Group_Project-_1' for client Visual Studio Code 1.58.2.[0m
[0m2021.07.16 15:46:14 INFO  time: initialize in 1.08s[0m
[0m2021.07.16 15:46:20 WARN  Build server is not auto-connectable.[0m
[0m2021.07.16 15:46:20 WARN  no build tool detected in workspace 'F:\My Projects\2nd year group project\git project\Group_Project-_1'. The most common cause for this problem is that the editor was opened in the wrong working directory, for example if you use sbt then the workspace directory should contain build.sbt. [0m
Jul 16, 2021 4:54:31 PM org.eclipse.lsp4j.jsonrpc.services.GenericEndpoint notify
INFO: Unsupported notification method: $/setTrace
Jul 17, 2021 12:07:27 AM org.eclipse.lsp4j.jsonrpc.services.GenericEndpoint notify
INFO: Unsupported notification method: $/setTrace
Jul 17, 2021 12:07:28 AM org.eclipse.lsp4j.jsonrpc.services.GenericEndpoint notify
INFO: Unsupported notification method: $/setTrace
Jul 17, 2021 12:07:32 AM org.eclipse.lsp4j.jsonrpc.services.GenericEndpoint notify
INFO: Unsupported notification method: $/setTrace
Jul 17, 2021 12:07:33 AM org.eclipse.lsp4j.jsonrpc.services.GenericEndpoint notify
INFO: Unsupported notification method: $/setTrace
[0m2021.07.19 18:48:43 INFO  Started: Metals version 0.10.5 in workspace 'E:\My Projects\2nd year group project\git project\Group_Project-_1' for client Visual Studio Code 1.58.2.[0m
[0m2021.07.19 18:48:45 INFO  time: initialize in 1.66s[0m
[0m2021.07.19 18:48:51 WARN  Build server is not auto-connectable.[0m
[0m2021.07.19 18:48:51 WARN  no build tool detected in workspace 'E:\My Projects\2nd year group project\git project\Group_Project-_1'. The most common cause for this problem is that the editor was opened in the wrong working directory, for example if you use sbt then the workspace directory should contain build.sbt. [0m
Jul 19, 2021 7:00:11 PM org.eclipse.lsp4j.jsonrpc.services.GenericEndpoint notify
INFO: Unsupported notification method: $/setTrace
<<<<<<< HEAD
[0m2021.07.21 08:14:06 INFO  Started: Metals version 0.10.5 in workspace 'E:\My Projects\2nd year group project\git project\Group_Project-_1' for client Visual Studio Code 1.58.2.[0m
[0m2021.07.21 08:14:09 INFO  time: initialize in 3.07s[0m
[0m2021.07.21 08:14:18 WARN  Build server is not auto-connectable.[0m
[0m2021.07.21 08:14:18 WARN  no build tool detected in workspace 'E:\My Projects\2nd year group project\git project\Group_Project-_1'. The most common cause for this problem is that the editor was opened in the wrong working directory, for example if you use sbt then the workspace directory should contain build.sbt. [0m
[0m2021.07.22 18:23:51 INFO  Started: Metals version 0.10.5 in workspace 'E:\My Projects\2nd year group project\git project\Group_Project-_1' for client Visual Studio Code 1.58.2.[0m
[0m2021.07.22 18:23:53 INFO  time: initialize in 1.67s[0m
[0m2021.07.22 18:23:59 WARN  Build server is not auto-connectable.[0m
[0m2021.07.22 18:23:59 WARN  no build tool detected in workspace 'E:\My Projects\2nd year group project\git project\Group_Project-_1'. The most common cause for this problem is that the editor was opened in the wrong working directory, for example if you use sbt then the workspace directory should contain build.sbt. [0m
Jul 22, 2021 6:45:30 PM org.eclipse.lsp4j.jsonrpc.services.GenericEndpoint notify
INFO: Unsupported notification method: $/setTrace
Jul 22, 2021 10:27:49 PM org.eclipse.lsp4j.jsonrpc.services.GenericEndpoint notify
INFO: Unsupported notification method: $/setTrace
Jul 22, 2021 10:27:50 PM org.eclipse.lsp4j.jsonrpc.services.GenericEndpoint notify
INFO: Unsupported notification method: $/setTrace
Jul 22, 2021 10:27:51 PM org.eclipse.lsp4j.jsonrpc.services.GenericEndpoint notify
INFO: Unsupported notification method: $/setTrace
Jul 22, 2021 10:27:57 PM org.eclipse.lsp4j.jsonrpc.services.GenericEndpoint notify
INFO: Unsupported notification method: $/setTrace
Jul 22, 2021 10:28:01 PM org.eclipse.lsp4j.jsonrpc.services.GenericEndpoint notify
INFO: Unsupported notification method: $/setTrace
Jul 22, 2021 10:28:02 PM org.eclipse.lsp4j.jsonrpc.services.GenericEndpoint notify
INFO: Unsupported notification method: $/setTrace
Jul 22, 2021 10:28:21 PM org.eclipse.lsp4j.jsonrpc.services.GenericEndpoint notify
INFO: Unsupported notification method: $/setTrace
Jul 22, 2021 10:28:21 PM org.eclipse.lsp4j.jsonrpc.services.GenericEndpoint notify
INFO: Unsupported notification method: $/setTrace
Jul 22, 2021 10:28:38 PM org.eclipse.lsp4j.jsonrpc.services.GenericEndpoint notify
INFO: Unsupported notification method: $/setTrace
Jul 22, 2021 10:28:56 PM org.eclipse.lsp4j.jsonrpc.services.GenericEndpoint notify
INFO: Unsupported notification method: $/setTrace
Jul 22, 2021 10:28:56 PM org.eclipse.lsp4j.jsonrpc.services.GenericEndpoint notify
INFO: Unsupported notification method: $/setTrace
Jul 22, 2021 10:28:56 PM org.eclipse.lsp4j.jsonrpc.services.GenericEndpoint notify
INFO: Unsupported notification method: $/setTrace
Jul 22, 2021 10:28:57 PM org.eclipse.lsp4j.jsonrpc.services.GenericEndpoint notify
INFO: Unsupported notification method: $/setTrace
Jul 22, 2021 10:28:57 PM org.eclipse.lsp4j.jsonrpc.services.GenericEndpoint notify
INFO: Unsupported notification method: $/setTrace
Jul 22, 2021 10:28:57 PM org.eclipse.lsp4j.jsonrpc.services.GenericEndpoint notify
INFO: Unsupported notification method: $/setTrace
Jul 22, 2021 10:28:57 PM org.eclipse.lsp4j.jsonrpc.services.GenericEndpoint notify
INFO: Unsupported notification method: $/setTrace
Jul 22, 2021 10:28:58 PM org.eclipse.lsp4j.jsonrpc.services.GenericEndpoint notify
INFO: Unsupported notification method: $/setTrace
Jul 22, 2021 10:28:58 PM org.eclipse.lsp4j.jsonrpc.services.GenericEndpoint notify
INFO: Unsupported notification method: $/setTrace
Jul 22, 2021 10:29:00 PM org.eclipse.lsp4j.jsonrpc.services.GenericEndpoint notify
INFO: Unsupported notification method: $/setTrace
Jul 22, 2021 10:29:40 PM org.eclipse.lsp4j.jsonrpc.services.GenericEndpoint notify
INFO: Unsupported notification method: $/setTrace
Jul 22, 2021 10:29:42 PM org.eclipse.lsp4j.jsonrpc.services.GenericEndpoint notify
INFO: Unsupported notification method: $/setTrace
Jul 22, 2021 10:29:42 PM org.eclipse.lsp4j.jsonrpc.services.GenericEndpoint notify
INFO: Unsupported notification method: $/setTrace
Jul 22, 2021 10:29:43 PM org.eclipse.lsp4j.jsonrpc.services.GenericEndpoint notify
INFO: Unsupported notification method: $/setTrace
Jul 22, 2021 10:29:43 PM org.eclipse.lsp4j.jsonrpc.services.GenericEndpoint notify
INFO: Unsupported notification method: $/setTrace
Jul 22, 2021 10:29:43 PM org.eclipse.lsp4j.jsonrpc.services.GenericEndpoint notify
INFO: Unsupported notification method: $/setTrace
Jul 22, 2021 10:29:44 PM org.eclipse.lsp4j.jsonrpc.services.GenericEndpoint notify
INFO: Unsupported notification method: $/setTrace
Jul 22, 2021 10:29:45 PM org.eclipse.lsp4j.jsonrpc.services.GenericEndpoint notify
INFO: Unsupported notification method: $/setTrace
Jul 22, 2021 10:29:45 PM org.eclipse.lsp4j.jsonrpc.services.GenericEndpoint notify
INFO: Unsupported notification method: $/setTrace
Jul 22, 2021 10:29:45 PM org.eclipse.lsp4j.jsonrpc.services.GenericEndpoint notify
INFO: Unsupported notification method: $/setTrace
Jul 22, 2021 10:29:45 PM org.eclipse.lsp4j.jsonrpc.services.GenericEndpoint notify
INFO: Unsupported notification method: $/setTrace
Jul 22, 2021 10:29:46 PM org.eclipse.lsp4j.jsonrpc.services.GenericEndpoint notify
INFO: Unsupported notification method: $/setTrace
Jul 22, 2021 10:29:46 PM org.eclipse.lsp4j.jsonrpc.services.GenericEndpoint notify
INFO: Unsupported notification method: $/setTrace
Jul 22, 2021 10:29:46 PM org.eclipse.lsp4j.jsonrpc.services.GenericEndpoint notify
INFO: Unsupported notification method: $/setTrace
Jul 22, 2021 10:29:46 PM org.eclipse.lsp4j.jsonrpc.services.GenericEndpoint notify
INFO: Unsupported notification method: $/setTrace
Jul 22, 2021 10:29:47 PM org.eclipse.lsp4j.jsonrpc.services.GenericEndpoint notify
INFO: Unsupported notification method: $/setTrace
Jul 22, 2021 10:29:47 PM org.eclipse.lsp4j.jsonrpc.services.GenericEndpoint notify
INFO: Unsupported notification method: $/setTrace
Jul 22, 2021 10:29:47 PM org.eclipse.lsp4j.jsonrpc.services.GenericEndpoint notify
INFO: Unsupported notification method: $/setTrace
Jul 22, 2021 10:29:47 PM org.eclipse.lsp4j.jsonrpc.services.GenericEndpoint notify
INFO: Unsupported notification method: $/setTrace
Jul 22, 2021 10:29:47 PM org.eclipse.lsp4j.jsonrpc.services.GenericEndpoint notify
INFO: Unsupported notification method: $/setTrace
Jul 22, 2021 10:29:48 PM org.eclipse.lsp4j.jsonrpc.services.GenericEndpoint notify
INFO: Unsupported notification method: $/setTrace
Jul 22, 2021 10:29:49 PM org.eclipse.lsp4j.jsonrpc.services.GenericEndpoint notify
INFO: Unsupported notification method: $/setTrace
Jul 22, 2021 10:29:51 PM org.eclipse.lsp4j.jsonrpc.services.GenericEndpoint notify
INFO: Unsupported notification method: $/setTrace
Jul 22, 2021 10:29:51 PM org.eclipse.lsp4j.jsonrpc.services.GenericEndpoint notify
INFO: Unsupported notification method: $/setTrace
Jul 22, 2021 10:29:52 PM org.eclipse.lsp4j.jsonrpc.services.GenericEndpoint notify
INFO: Unsupported notification method: $/setTrace
Jul 22, 2021 10:29:52 PM org.eclipse.lsp4j.jsonrpc.services.GenericEndpoint notify
INFO: Unsupported notification method: $/setTrace
Jul 22, 2021 10:29:52 PM org.eclipse.lsp4j.jsonrpc.services.GenericEndpoint notify
INFO: Unsupported notification method: $/setTrace
Jul 22, 2021 10:29:52 PM org.eclipse.lsp4j.jsonrpc.services.GenericEndpoint notify
INFO: Unsupported notification method: $/setTrace
Jul 22, 2021 10:29:52 PM org.eclipse.lsp4j.jsonrpc.services.GenericEndpoint notify
INFO: Unsupported notification method: $/setTrace
Jul 22, 2021 10:29:52 PM org.eclipse.lsp4j.jsonrpc.services.GenericEndpoint notify
INFO: Unsupported notification method: $/setTrace
Jul 22, 2021 10:29:53 PM org.eclipse.lsp4j.jsonrpc.services.GenericEndpoint notify
INFO: Unsupported notification method: $/setTrace
Jul 22, 2021 10:30:15 PM org.eclipse.lsp4j.jsonrpc.services.GenericEndpoint notify
INFO: Unsupported notification method: $/setTrace
Jul 22, 2021 10:30:25 PM org.eclipse.lsp4j.jsonrpc.services.GenericEndpoint notify
INFO: Unsupported notification method: $/setTrace
Jul 22, 2021 10:30:28 PM org.eclipse.lsp4j.jsonrpc.services.GenericEndpoint notify
INFO: Unsupported notification method: $/setTrace
Jul 22, 2021 10:30:35 PM org.eclipse.lsp4j.jsonrpc.services.GenericEndpoint notify
INFO: Unsupported notification method: $/setTrace
Jul 22, 2021 10:30:38 PM org.eclipse.lsp4j.jsonrpc.services.GenericEndpoint notify
INFO: Unsupported notification method: $/setTrace
Jul 22, 2021 10:31:26 PM org.eclipse.lsp4j.jsonrpc.services.GenericEndpoint notify
INFO: Unsupported notification method: $/setTrace
Jul 22, 2021 10:31:39 PM org.eclipse.lsp4j.jsonrpc.services.GenericEndpoint notify
INFO: Unsupported notification method: $/setTrace
Jul 22, 2021 10:32:00 PM org.eclipse.lsp4j.jsonrpc.services.GenericEndpoint notify
INFO: Unsupported notification method: $/setTrace
Jul 22, 2021 10:32:02 PM org.eclipse.lsp4j.jsonrpc.services.GenericEndpoint notify
INFO: Unsupported notification method: $/setTrace
Jul 22, 2021 10:32:08 PM org.eclipse.lsp4j.jsonrpc.services.GenericEndpoint notify
INFO: Unsupported notification method: $/setTrace
Jul 22, 2021 10:32:28 PM org.eclipse.lsp4j.jsonrpc.services.GenericEndpoint notify
INFO: Unsupported notification method: $/setTrace
Jul 22, 2021 10:32:28 PM org.eclipse.lsp4j.jsonrpc.services.GenericEndpoint notify
INFO: Unsupported notification method: $/setTrace
Jul 22, 2021 10:32:41 PM org.eclipse.lsp4j.jsonrpc.services.GenericEndpoint notify
INFO: Unsupported notification method: $/setTrace
Jul 22, 2021 10:33:22 PM org.eclipse.lsp4j.jsonrpc.services.GenericEndpoint notify
INFO: Unsupported notification method: $/setTrace
Jul 22, 2021 10:33:42 PM org.eclipse.lsp4j.jsonrpc.services.GenericEndpoint notify
INFO: Unsupported notification method: $/setTrace
Jul 22, 2021 10:34:02 PM org.eclipse.lsp4j.jsonrpc.services.GenericEndpoint notify
INFO: Unsupported notification method: $/setTrace
Jul 22, 2021 10:34:23 PM org.eclipse.lsp4j.jsonrpc.services.GenericEndpoint notify
INFO: Unsupported notification method: $/setTrace
Jul 22, 2021 10:34:23 PM org.eclipse.lsp4j.jsonrpc.services.GenericEndpoint notify
INFO: Unsupported notification method: $/setTrace
=======
>>>>>>> 68fec8f98e9f9cb1b6078d5b82bdfc5c38c0c2d0
>>>>>>> 0946e3986f8618b3f0a48df59667a109573e805e
